<?xml version="1.0" encoding="UTF-8"?>
<!-- Generated by org.testng.reporters.JUnitReportReporter -->
<testsuite hostname="MACC02MXRWEFH00" name="com.philips.request.RequestClass" tests="2" failures="0" timestamp="24 Oct 2017 06:58:44 GMT" time="63.121" errors="1">
  <testcase name="getProfile" time="57.567" classname="com.philips.request.RequestClass">
    <error type="java.lang.IllegalArgumentException" message="Illegal character in path at index 47: https://ghgw-mars.cloud.pcftest.com/api/users/&#039; or 1 in (@@version)--/hello=hivalue/bye=byevalue">
      <![CDATA[java.lang.IllegalArgumentException: Illegal character in path at index 47: https://ghgw-mars.cloud.pcftest.com/api/users/' or 1 in (@@version)--/hello=hivalue/bye=byevalue
	at java.net.URI.create(URI.java:852)
	at org.apache.http.client.methods.HttpPost.<init>(HttpPost.java:76)
	at com.philips.restservices.RestService.generateRequest(RestService.java:208)
	at com.philips.request.RequestClass.configureURLRequest(RequestClass.java:190)
	at com.philips.request.RequestClass.getProfile(RequestClass.java:450)
	at sun.reflect.NativeMethodAccessorImpl.invoke0(Native Method)
	at sun.reflect.NativeMethodAccessorImpl.invoke(NativeMethodAccessorImpl.java:62)
	at sun.reflect.DelegatingMethodAccessorImpl.invoke(DelegatingMethodAccessorImpl.java:43)
	at java.lang.reflect.Method.invoke(Method.java:498)
	at org.testng.internal.MethodInvocationHelper.invokeMethod(MethodInvocationHelper.java:100)
	at org.testng.internal.Invoker.invokeMethod(Invoker.java:646)
	at org.testng.internal.Invoker.invokeTestMethod(Invoker.java:811)
	at org.testng.internal.Invoker.invokeTestMethods(Invoker.java:1129)
	at org.testng.internal.TestMethodWorker.invokeTestMethods(TestMethodWorker.java:129)
	at org.testng.internal.TestMethodWorker.run(TestMethodWorker.java:112)
	at org.testng.TestRunner.privateRun(TestRunner.java:746)
	at org.testng.TestRunner.run(TestRunner.java:600)
	at org.testng.SuiteRunner.runTest(SuiteRunner.java:366)
	at org.testng.SuiteRunner.runSequentially(SuiteRunner.java:361)
	at org.testng.SuiteRunner.privateRun(SuiteRunner.java:319)
	at org.testng.SuiteRunner.run(SuiteRunner.java:268)
	at org.testng.SuiteRunnerWorker.runSuite(SuiteRunnerWorker.java:52)
	at org.testng.SuiteRunnerWorker.run(SuiteRunnerWorker.java:86)
	at org.testng.TestNG.runSuitesSequentially(TestNG.java:1264)
	at org.testng.TestNG.runSuitesLocally(TestNG.java:1189)
	at org.testng.TestNG.runSuites(TestNG.java:1104)
	at org.testng.TestNG.run(TestNG.java:1076)
	at org.testng.remote.AbstractRemoteTestNG.run(AbstractRemoteTestNG.java:126)
	at org.testng.remote.RemoteTestNG.initAndRun(RemoteTestNG.java:152)
	at org.testng.remote.RemoteTestNG.main(RemoteTestNG.java:57)
Caused by: java.net.URISyntaxException: Illegal character in path at index 47: https://ghgw-mars.cloud.pcftest.com/api/users/' or 1 in (@@version)--/hello=hivalue/bye=byevalue
	at java.net.URI$Parser.fail(URI.java:2848)
	at java.net.URI$Parser.checkChars(URI.java:3021)
	at java.net.URI$Parser.parseHierarchical(URI.java:3105)
	at java.net.URI$Parser.parse(URI.java:3053)
	at java.net.URI.<init>(URI.java:588)
	at java.net.URI.create(URI.java:850)
	... 29 more
]]>
    </error>
  </testcase> <!-- getProfile -->
  <testcase name="login" time="5.554" classname="com.philips.request.RequestClass"/>
</testsuite> <!-- com.philips.request.RequestClass -->
