<?xml version="1.0" encoding="UTF-8"?>
<testng-results skipped="0" failed="1" total="2" passed="1">
  <reporter-output>
  </reporter-output>
  <suite name="Login Security Suite" duration-ms="64109" started-at="2017-10-24T06:57:40Z" finished-at="2017-10-24T06:58:44Z">
    <groups>
    </groups>
    <test name="Login Security Testing" duration-ms="64109" started-at="2017-10-24T06:57:40Z" finished-at="2017-10-24T06:58:44Z">
      <class name="com.philips.request.RequestClass">
        <test-method status="PASS" signature="configure()[pri:0, instance:com.philips.request.RequestClass@484094a5]" name="configure" is-config="true" duration-ms="916" started-at="2017-10-24T12:27:40Z" finished-at="2017-10-24T12:27:41Z">
          <reporter-output>
          </reporter-output>
        </test-method> <!-- configure -->
        <test-method status="PASS" signature="login(java.util.Hashtable)[pri:1, instance:com.philips.request.RequestClass@484094a5]" name="login" duration-ms="5554" started-at="2017-10-24T12:27:41Z" data-provider="getLoginDetails" finished-at="2017-10-24T12:27:47Z">
          <params>
            <param index="0">
              <value>
                <![CDATA[{password=Philips@1, AttackType=FUZZFULL,SQL,XSS,HTTPVERB, methodType=POST, Payload={
    "currentPassword": "current",
    "newPassword":  "new"
}, Headers={
"content-type":"application/json"
}, AttackParameter=auth,userid,newPassword,currentPassword, Url=https://ghgw-%s.cloud.pcftest.com/api/auth, username=shabana3@mailinator.com}]]>
              </value>
            </param>
          </params>
          <reporter-output>
          </reporter-output>
        </test-method> <!-- login -->
        <test-method status="FAIL" signature="getProfile(java.util.Hashtable)[pri:2, instance:com.philips.request.RequestClass@484094a5]" name="getProfile" duration-ms="57567" started-at="2017-10-24T12:27:47Z" data-provider="getprofileDetails" finished-at="2017-10-24T12:28:44Z">
          <params>
            <param index="0">
              <value>
                <![CDATA[{AttackType=FUZZFULL,HTTPVERB, methodType=GET, Headers={
"content-type":"application/json"
}, AttackParameter=auth,methodType, Url=https://ghgw-%s.cloud.pcftest.com/api/users/$userid$/hello=$hivalue$/bye=$byevalue$}]]>
              </value>
            </param>
          </params>
          <exception class="java.lang.IllegalArgumentException">
            <message>
              <![CDATA[Illegal character in path at index 47: https://ghgw-mars.cloud.pcftest.com/api/users/' or 1 in (@@version)--/hello=hivalue/bye=byevalue]]>
            </message>
            <full-stacktrace>
              <![CDATA[java.lang.IllegalArgumentException: Illegal character in path at index 47: https://ghgw-mars.cloud.pcftest.com/api/users/' or 1 in (@@version)--/hello=hivalue/bye=byevalue
	at java.net.URI.create(URI.java:852)
	at org.apache.http.client.methods.HttpPost.<init>(HttpPost.java:76)
	at com.philips.restservices.RestService.generateRequest(RestService.java:208)
	at com.philips.request.RequestClass.configureURLRequest(RequestClass.java:190)
	at com.philips.request.RequestClass.getProfile(RequestClass.java:450)
	at sun.reflect.NativeMethodAccessorImpl.invoke0(Native Method)
	at sun.reflect.NativeMethodAccessorImpl.invoke(NativeMethodAccessorImpl.java:62)
	at sun.reflect.DelegatingMethodAccessorImpl.invoke(DelegatingMethodAccessorImpl.java:43)
	at java.lang.reflect.Method.invoke(Method.java:498)
	at org.testng.internal.MethodInvocationHelper.invokeMethod(MethodInvocationHelper.java:100)
	at org.testng.internal.Invoker.invokeMethod(Invoker.java:646)
	at org.testng.internal.Invoker.invokeTestMethod(Invoker.java:811)
	at org.testng.internal.Invoker.invokeTestMethods(Invoker.java:1129)
	at org.testng.internal.TestMethodWorker.invokeTestMethods(TestMethodWorker.java:129)
	at org.testng.internal.TestMethodWorker.run(TestMethodWorker.java:112)
	at org.testng.TestRunner.privateRun(TestRunner.java:746)
	at org.testng.TestRunner.run(TestRunner.java:600)
	at org.testng.SuiteRunner.runTest(SuiteRunner.java:366)
	at org.testng.SuiteRunner.runSequentially(SuiteRunner.java:361)
	at org.testng.SuiteRunner.privateRun(SuiteRunner.java:319)
	at org.testng.SuiteRunner.run(SuiteRunner.java:268)
	at org.testng.SuiteRunnerWorker.runSuite(SuiteRunnerWorker.java:52)
	at org.testng.SuiteRunnerWorker.run(SuiteRunnerWorker.java:86)
	at org.testng.TestNG.runSuitesSequentially(TestNG.java:1264)
	at org.testng.TestNG.runSuitesLocally(TestNG.java:1189)
	at org.testng.TestNG.runSuites(TestNG.java:1104)
	at org.testng.TestNG.run(TestNG.java:1076)
	at org.testng.remote.AbstractRemoteTestNG.run(AbstractRemoteTestNG.java:126)
	at org.testng.remote.RemoteTestNG.initAndRun(RemoteTestNG.java:152)
	at org.testng.remote.RemoteTestNG.main(RemoteTestNG.java:57)
Caused by: java.net.URISyntaxException: Illegal character in path at index 47: https://ghgw-mars.cloud.pcftest.com/api/users/' or 1 in (@@version)--/hello=hivalue/bye=byevalue
	at java.net.URI$Parser.fail(URI.java:2848)
	at java.net.URI$Parser.checkChars(URI.java:3021)
	at java.net.URI$Parser.parseHierarchical(URI.java:3105)
	at java.net.URI$Parser.parse(URI.java:3053)
	at java.net.URI.<init>(URI.java:588)
	at java.net.URI.create(URI.java:850)
	... 29 more
]]>
            </full-stacktrace>
          </exception> <!-- java.lang.IllegalArgumentException -->
          <reporter-output>
          </reporter-output>
        </test-method> <!-- getProfile -->
      </class> <!-- com.philips.request.RequestClass -->
    </test> <!-- Login Security Testing -->
  </suite> <!-- Login Security Suite -->
</testng-results>
